{"D:\\For study\\major2\\Major Project2_ KNEA\\WEB_Campus\\campusnex\\src\\pages\\EventDetail.js": {"path":"D:\\For study\\major2\\Major Project2_ KNEA\\WEB_Campus\\campusnex\\src\\pages\\EventDetail.js","statementMap":{"0":{"start":{"line":10,"column":20},"end":{"line":233,"column":1}},"1":{"start":{"line":11,"column":19},"end":{"line":11,"column":30}},"2":{"start":{"line":12,"column":21},"end":{"line":12,"column":34}},"3":{"start":{"line":13,"column":38},"end":{"line":13,"column":47}},"4":{"start":{"line":15,"column":30},"end":{"line":15,"column":44}},"5":{"start":{"line":16,"column":34},"end":{"line":16,"column":48}},"6":{"start":{"line":17,"column":30},"end":{"line":17,"column":42}},"7":{"start":{"line":18,"column":40},"end":{"line":18,"column":52}},"8":{"start":{"line":19,"column":48},"end":{"line":19,"column":63}},"9":{"start":{"line":20,"column":40},"end":{"line":20,"column":81}},"10":{"start":{"line":23,"column":4},"end":{"line":53,"column":36}},"11":{"start":{"line":24,"column":27},"end":{"line":45,"column":9}},"12":{"start":{"line":25,"column":12},"end":{"line":44,"column":13}},"13":{"start":{"line":26,"column":16},"end":{"line":26,"column":33}},"14":{"start":{"line":27,"column":33},"end":{"line":27,"column":65}},"15":{"start":{"line":28,"column":16},"end":{"line":28,"column":41}},"16":{"start":{"line":31,"column":16},"end":{"line":38,"column":17}},"17":{"start":{"line":32,"column":37},"end":{"line":34,"column":21}},"18":{"start":{"line":33,"column":32},"end":{"line":33,"column":55}},"19":{"start":{"line":35,"column":20},"end":{"line":37,"column":21}},"20":{"start":{"line":36,"column":24},"end":{"line":36,"column":55}},"21":{"start":{"line":40,"column":16},"end":{"line":40,"column":62}},"22":{"start":{"line":41,"column":16},"end":{"line":41,"column":58}},"23":{"start":{"line":43,"column":16},"end":{"line":43,"column":34}},"24":{"start":{"line":47,"column":8},"end":{"line":52,"column":9}},"25":{"start":{"line":48,"column":12},"end":{"line":48,"column":25}},"26":{"start":{"line":50,"column":12},"end":{"line":50,"column":45}},"27":{"start":{"line":51,"column":12},"end":{"line":51,"column":30}},"28":{"start":{"line":56,"column":23},"end":{"line":81,"column":5}},"29":{"start":{"line":57,"column":8},"end":{"line":60,"column":9}},"30":{"start":{"line":58,"column":12},"end":{"line":58,"column":69}},"31":{"start":{"line":59,"column":12},"end":{"line":59,"column":19}},"32":{"start":{"line":62,"column":8},"end":{"line":80,"column":9}},"33":{"start":{"line":63,"column":29},"end":{"line":63,"column":68}},"34":{"start":{"line":64,"column":12},"end":{"line":64,"column":34}},"35":{"start":{"line":65,"column":12},"end":{"line":72,"column":15}},"36":{"start":{"line":73,"column":12},"end":{"line":73,"column":36}},"37":{"start":{"line":75,"column":12},"end":{"line":78,"column":15}},"38":{"start":{"line":79,"column":12},"end":{"line":79,"column":36}},"39":{"start":{"line":83,"column":34},"end":{"line":85,"column":5}},"40":{"start":{"line":84,"column":8},"end":{"line":84,"column":33}},"41":{"start":{"line":87,"column":4},"end":{"line":97,"column":5}},"42":{"start":{"line":88,"column":8},"end":{"line":96,"column":10}},"43":{"start":{"line":99,"column":4},"end":{"line":115,"column":5}},"44":{"start":{"line":100,"column":8},"end":{"line":114,"column":10}},"45":{"start":{"line":106,"column":39},"end":{"line":106,"column":61}},"46":{"start":{"line":116,"column":4},"end":{"line":232,"column":6}},"47":{"start":{"line":172,"column":76},"end":{"line":172,"column":100}},"48":{"start":{"line":182,"column":39},"end":{"line":182,"column":109}},"49":{"start":{"line":189,"column":43},"end":{"line":189,"column":67}},"50":{"start":{"line":214,"column":28},"end":{"line":214,"column":119}}},"fnMap":{"0":{"name":"(anonymous_0)","decl":{"start":{"line":10,"column":20},"end":{"line":10,"column":21}},"loc":{"start":{"line":10,"column":26},"end":{"line":233,"column":1}},"line":10},"1":{"name":"(anonymous_1)","decl":{"start":{"line":23,"column":14},"end":{"line":23,"column":15}},"loc":{"start":{"line":23,"column":20},"end":{"line":53,"column":5}},"line":23},"2":{"name":"(anonymous_2)","decl":{"start":{"line":24,"column":27},"end":{"line":24,"column":28}},"loc":{"start":{"line":24,"column":39},"end":{"line":45,"column":9}},"line":24},"3":{"name":"(anonymous_3)","decl":{"start":{"line":33,"column":24},"end":{"line":33,"column":25}},"loc":{"start":{"line":33,"column":32},"end":{"line":33,"column":55}},"line":33},"4":{"name":"(anonymous_4)","decl":{"start":{"line":56,"column":23},"end":{"line":56,"column":24}},"loc":{"start":{"line":56,"column":41},"end":{"line":81,"column":5}},"line":56},"5":{"name":"(anonymous_5)","decl":{"start":{"line":83,"column":34},"end":{"line":83,"column":35}},"loc":{"start":{"line":83,"column":40},"end":{"line":85,"column":5}},"line":83},"6":{"name":"(anonymous_6)","decl":{"start":{"line":106,"column":33},"end":{"line":106,"column":34}},"loc":{"start":{"line":106,"column":39},"end":{"line":106,"column":61}},"line":106},"7":{"name":"(anonymous_7)","decl":{"start":{"line":172,"column":71},"end":{"line":172,"column":72}},"loc":{"start":{"line":172,"column":76},"end":{"line":172,"column":100}},"line":172},"8":{"name":"(anonymous_8)","decl":{"start":{"line":182,"column":33},"end":{"line":182,"column":34}},"loc":{"start":{"line":182,"column":39},"end":{"line":182,"column":109}},"line":182},"9":{"name":"(anonymous_9)","decl":{"start":{"line":189,"column":37},"end":{"line":189,"column":38}},"loc":{"start":{"line":189,"column":43},"end":{"line":189,"column":67}},"line":189},"10":{"name":"(anonymous_10)","decl":{"start":{"line":213,"column":44},"end":{"line":213,"column":45}},"loc":{"start":{"line":214,"column":28},"end":{"line":214,"column":119}},"line":214}},"branchMap":{"0":{"loc":{"start":{"line":31,"column":16},"end":{"line":38,"column":17}},"type":"if","locations":[{"start":{"line":31,"column":16},"end":{"line":38,"column":17}},{"start":{},"end":{}}],"line":31},"1":{"loc":{"start":{"line":31,"column":20},"end":{"line":31,"column":59}},"type":"binary-expr","locations":[{"start":{"line":31,"column":20},"end":{"line":31,"column":35}},{"start":{"line":31,"column":39},"end":{"line":31,"column":59}}],"line":31},"2":{"loc":{"start":{"line":35,"column":20},"end":{"line":37,"column":21}},"type":"if","locations":[{"start":{"line":35,"column":20},"end":{"line":37,"column":21}},{"start":{},"end":{}}],"line":35},"3":{"loc":{"start":{"line":47,"column":8},"end":{"line":52,"column":9}},"type":"if","locations":[{"start":{"line":47,"column":8},"end":{"line":52,"column":9}},{"start":{"line":49,"column":15},"end":{"line":52,"column":9}}],"line":47},"4":{"loc":{"start":{"line":57,"column":8},"end":{"line":60,"column":9}},"type":"if","locations":[{"start":{"line":57,"column":8},"end":{"line":60,"column":9}},{"start":{},"end":{}}],"line":57},"5":{"loc":{"start":{"line":67,"column":25},"end":{"line":71,"column":55}},"type":"cond-expr","locations":[{"start":{"line":68,"column":22},"end":{"line":68,"column":57}},{"start":{"line":69,"column":22},"end":{"line":71,"column":55}}],"line":67},"6":{"loc":{"start":{"line":69,"column":22},"end":{"line":71,"column":55}},"type":"cond-expr","locations":[{"start":{"line":70,"column":26},"end":{"line":70,"column":65}},{"start":{"line":71,"column":26},"end":{"line":71,"column":55}}],"line":69},"7":{"loc":{"start":{"line":87,"column":4},"end":{"line":97,"column":5}},"type":"if","locations":[{"start":{"line":87,"column":4},"end":{"line":97,"column":5}},{"start":{},"end":{}}],"line":87},"8":{"loc":{"start":{"line":99,"column":4},"end":{"line":115,"column":5}},"type":"if","locations":[{"start":{"line":99,"column":4},"end":{"line":115,"column":5}},{"start":{},"end":{}}],"line":99},"9":{"loc":{"start":{"line":99,"column":8},"end":{"line":99,"column":23}},"type":"binary-expr","locations":[{"start":{"line":99,"column":8},"end":{"line":99,"column":13}},{"start":{"line":99,"column":17},"end":{"line":99,"column":23}}],"line":99},"10":{"loc":{"start":{"line":104,"column":62},"end":{"line":104,"column":88}},"type":"binary-expr","locations":[{"start":{"line":104,"column":62},"end":{"line":104,"column":67}},{"start":{"line":104,"column":71},"end":{"line":104,"column":88}}],"line":104},"11":{"loc":{"start":{"line":122,"column":21},"end":{"line":132,"column":21}},"type":"cond-expr","locations":[{"start":{"line":123,"column":24},"end":{"line":127,"column":26}},{"start":{"line":129,"column":24},"end":{"line":131,"column":30}}],"line":122},"12":{"loc":{"start":{"line":169,"column":21},"end":{"line":176,"column":21}},"type":"binary-expr","locations":[{"start":{"line":169,"column":21},"end":{"line":169,"column":35}},{"start":{"line":170,"column":24},"end":{"line":175,"column":27}}],"line":169},"13":{"loc":{"start":{"line":172,"column":51},"end":{"line":172,"column":113}},"type":"binary-expr","locations":[{"start":{"line":172,"column":51},"end":{"line":172,"column":108}},{"start":{"line":172,"column":112},"end":{"line":172,"column":113}}],"line":172},"14":{"loc":{"start":{"line":178,"column":38},"end":{"line":180,"column":51}},"type":"cond-expr","locations":[{"start":{"line":178,"column":67},"end":{"line":178,"column":81}},{"start":{"line":179,"column":32},"end":{"line":180,"column":51}}],"line":178},"15":{"loc":{"start":{"line":179,"column":32},"end":{"line":180,"column":51}},"type":"cond-expr","locations":[{"start":{"line":179,"column":62},"end":{"line":179,"column":75}},{"start":{"line":180,"column":36},"end":{"line":180,"column":51}}],"line":179},"16":{"loc":{"start":{"line":182,"column":50},"end":{"line":182,"column":108}},"type":"cond-expr","locations":[{"start":{"line":182,"column":79},"end":{"line":182,"column":94}},{"start":{"line":182,"column":97},"end":{"line":182,"column":108}}],"line":182},"17":{"loc":{"start":{"line":184,"column":25},"end":{"line":184,"column":80}},"type":"cond-expr","locations":[{"start":{"line":184,"column":54},"end":{"line":184,"column":67}},{"start":{"line":184,"column":70},"end":{"line":184,"column":80}}],"line":184},"18":{"loc":{"start":{"line":186,"column":21},"end":{"line":193,"column":21}},"type":"binary-expr","locations":[{"start":{"line":186,"column":21},"end":{"line":186,"column":47}},{"start":{"line":187,"column":24},"end":{"line":192,"column":33}}],"line":186},"19":{"loc":{"start":{"line":191,"column":29},"end":{"line":191,"column":88}},"type":"cond-expr","locations":[{"start":{"line":191,"column":59},"end":{"line":191,"column":73}},{"start":{"line":191,"column":76},"end":{"line":191,"column":88}}],"line":191},"20":{"loc":{"start":{"line":196,"column":17},"end":{"line":201,"column":17}},"type":"binary-expr","locations":[{"start":{"line":196,"column":17},"end":{"line":196,"column":31}},{"start":{"line":197,"column":20},"end":{"line":200,"column":22}}],"line":196},"21":{"loc":{"start":{"line":210,"column":17},"end":{"line":217,"column":17}},"type":"binary-expr","locations":[{"start":{"line":210,"column":17},"end":{"line":210,"column":31}},{"start":{"line":210,"column":35},"end":{"line":210,"column":60}},{"start":{"line":211,"column":20},"end":{"line":216,"column":26}}],"line":210},"22":{"loc":{"start":{"line":225,"column":29},"end":{"line":225,"column":127}},"type":"cond-expr","locations":[{"start":{"line":225,"column":47},"end":{"line":225,"column":105}},{"start":{"line":225,"column":108},"end":{"line":225,"column":127}}],"line":225}},"s":{"0":1,"1":11,"2":11,"3":11,"4":11,"5":11,"6":11,"7":11,"8":11,"9":11,"10":11,"11":10,"12":10,"13":10,"14":10,"15":8,"16":8,"17":8,"18":6,"19":8,"20":6,"21":2,"22":2,"23":10,"24":10,"25":10,"26":0,"27":0,"28":11,"29":1,"30":0,"31":0,"32":1,"33":1,"34":1,"35":1,"36":1,"37":0,"38":0,"39":11,"40":1,"41":11,"42":5,"43":6,"44":1,"45":1,"46":5,"47":4,"48":1,"49":0,"50":5},"f":{"0":11,"1":10,"2":10,"3":6,"4":1,"5":1,"6":1,"7":4,"8":1,"9":0,"10":5},"b":{"0":[8,0],"1":[8,8],"2":[6,2],"3":[10,0],"4":[0,1],"5":[1,0],"6":[0,0],"7":[5,6],"8":[1,5],"9":[6,5],"10":[1,0],"11":[5,0],"12":[5,5],"13":[5,5],"14":[1,4],"15":[3,1],"16":[0,1],"17":[1,4],"18":[5,4],"19":[3,1],"20":[5,1],"21":[5,5,5],"22":[5,0]},"_coverageSchema":"1a1c01bbd47fc00a2c39e90264f33305004495a9","hash":"a53bcc689d437c2dfd2d5f7b3e03c2ec2d4fd489"}
}
