TN:
SF:src\pages\EventDetail.js
FN:10,(anonymous_0)
FN:23,(anonymous_1)
FN:24,(anonymous_2)
FN:33,(anonymous_3)
FN:56,(anonymous_4)
FN:83,(anonymous_5)
FN:106,(anonymous_6)
FN:172,(anonymous_7)
FN:182,(anonymous_8)
FN:189,(anonymous_9)
FN:213,(anonymous_10)
FNF:11
FNH:10
FNDA:11,(anonymous_0)
FNDA:10,(anonymous_1)
FNDA:10,(anonymous_2)
FNDA:6,(anonymous_3)
FNDA:1,(anonymous_4)
FNDA:1,(anonymous_5)
FNDA:1,(anonymous_6)
FNDA:4,(anonymous_7)
FNDA:1,(anonymous_8)
FNDA:0,(anonymous_9)
FNDA:5,(anonymous_10)
DA:10,1
DA:11,11
DA:12,11
DA:13,11
DA:15,11
DA:16,11
DA:17,11
DA:18,11
DA:19,11
DA:20,11
DA:23,11
DA:24,10
DA:25,10
DA:26,10
DA:27,10
DA:28,8
DA:31,8
DA:32,8
DA:33,6
DA:35,8
DA:36,6
DA:40,2
DA:41,2
DA:43,10
DA:47,10
DA:48,10
DA:50,0
DA:51,0
DA:56,11
DA:57,1
DA:58,0
DA:59,0
DA:62,1
DA:63,1
DA:64,1
DA:65,1
DA:73,1
DA:75,0
DA:79,0
DA:83,11
DA:84,1
DA:87,11
DA:88,5
DA:99,6
DA:100,1
DA:106,1
DA:116,5
DA:172,4
DA:182,1
DA:189,0
DA:214,5
LF:51
LH:44
BRDA:31,0,0,8
BRDA:31,0,1,0
BRDA:31,1,0,8
BRDA:31,1,1,8
BRDA:35,2,0,6
BRDA:35,2,1,2
BRDA:47,3,0,10
BRDA:47,3,1,0
BRDA:57,4,0,0
BRDA:57,4,1,1
BRDA:67,5,0,1
BRDA:67,5,1,0
BRDA:69,6,0,0
BRDA:69,6,1,0
BRDA:87,7,0,5
BRDA:87,7,1,6
BRDA:99,8,0,1
BRDA:99,8,1,5
BRDA:99,9,0,6
BRDA:99,9,1,5
BRDA:104,10,0,1
BRDA:104,10,1,0
BRDA:122,11,0,5
BRDA:122,11,1,0
BRDA:169,12,0,5
BRDA:169,12,1,5
BRDA:172,13,0,5
BRDA:172,13,1,5
BRDA:178,14,0,1
BRDA:178,14,1,4
BRDA:179,15,0,3
BRDA:179,15,1,1
BRDA:182,16,0,0
BRDA:182,16,1,1
BRDA:184,17,0,1
BRDA:184,17,1,4
BRDA:186,18,0,5
BRDA:186,18,1,4
BRDA:191,19,0,3
BRDA:191,19,1,1
BRDA:196,20,0,5
BRDA:196,20,1,1
BRDA:210,21,0,5
BRDA:210,21,1,5
BRDA:210,21,2,5
BRDA:225,22,0,5
BRDA:225,22,1,0
BRF:47
BRH:37
end_of_record
